15:33:57 **** 项目6.16.2配置Debug的重新构建 ****
信息：构建使用了内部构建器
gcc -O0 -g3 -Wall -c -fmessage-length=0 -o 2.o "..\\2.c" 
..\2.c: In function 'main':
..\2.c:15:32: warning: passing argument 1 of 'printf' makes pointer from integer without a cast [-Wint-conversion]
   15 |                         printf('$');
      |                                ^~~
      |                                |
      |                                int
In file included from ..\2.c:8:
D:/msys2/ucrt64/include/stdio.h:505:48: note: expected 'const char * restrict' but argument is of type 'int'
  505 |   int __cdecl printf(const char * __restrict__ _Format,...);
      |                      ~~~~~~~~~~~~~~~~~~~~~~~~~~^~~~~~~
..\2.c:16:24: warning: multi-character character constant [-Wmultichar]
   16 |                 printf('/n');
      |                        ^~~~
..\2.c:16:24: warning: passing argument 1 of 'printf' makes pointer from integer without a cast [-Wint-conversion]
   16 |                 printf('/n');
      |                        ^~~~
      |                        |
      |                        int
D:/msys2/ucrt64/include/stdio.h:505:48: note: expected 'const char * restrict' but argument is of type 'int'
  505 |   int __cdecl printf(const char * __restrict__ _Format,...);
      |                      ~~~~~~~~~~~~~~~~~~~~~~~~~~^~~~~~~
..\2.c:12:18: warning: 'j' is used uninitialized [-Wuninitialized]
   12 |         for(i=1;j<=5;i++)
      |                 ~^~~
..\2.c:11:15: note: 'j' was declared here
   11 |         int i,j;
      |               ^
gcc -o 6.16.2.exe 2.o 

15:33:58 构建完成。 0错误，4警告。(使用316ms)

